2021-12-09 01:41:16 - INFO - "GET / HTTP/1.1" 200 1219
2021-12-09 01:41:16 - INFO - "GET /static/style.css HTTP/1.1" 200 648
2021-12-09 01:41:16 - INFO - "GET /favicon.ico HTTP/1.1" 200 1739
2021-12-09 02:31:13 - WARNING - Python-dotenv could not parse statement starting at line 19
2021-12-09 02:31:13 - WARNING - Python-dotenv could not parse statement starting at line 21
2021-12-09 02:31:13 - WARNING - Python-dotenv could not parse statement starting at line 22
2021-12-09 02:31:13 - WARNING - Python-dotenv could not parse statement starting at line 23
2021-12-09 02:31:13 - WARNING - Python-dotenv could not parse statement starting at line 24
2021-12-09 02:31:13 - WARNING - Python-dotenv could not parse statement starting at line 25
2021-12-09 02:31:13 - WARNING - Python-dotenv could not parse statement starting at line 26
2021-12-09 02:36:32 - WARNING - Python-dotenv could not parse statement starting at line 19
2021-12-09 02:36:32 - WARNING - Python-dotenv could not parse statement starting at line 21
2021-12-09 02:36:32 - WARNING - Python-dotenv could not parse statement starting at line 22
2021-12-09 02:36:32 - WARNING - Python-dotenv could not parse statement starting at line 23
2021-12-09 02:36:32 - WARNING - Python-dotenv could not parse statement starting at line 24
2021-12-09 02:36:32 - WARNING - Python-dotenv could not parse statement starting at line 25
2021-12-09 02:36:32 - WARNING - Python-dotenv could not parse statement starting at line 26
2021-12-09 02:47:37 - WARNING - Python-dotenv could not parse statement starting at line 19
2021-12-09 02:47:37 - WARNING - Python-dotenv could not parse statement starting at line 21
2021-12-09 02:47:37 - WARNING - Python-dotenv could not parse statement starting at line 22
2021-12-09 02:47:37 - WARNING - Python-dotenv could not parse statement starting at line 23
2021-12-09 02:47:37 - WARNING - Python-dotenv could not parse statement starting at line 24
2021-12-09 02:47:37 - WARNING - Python-dotenv could not parse statement starting at line 25
2021-12-09 02:47:37 - WARNING - Python-dotenv could not parse statement starting at line 26
2021-12-09 02:48:50 - WARNING - Python-dotenv could not parse statement starting at line 19
2021-12-09 02:48:50 - WARNING - Python-dotenv could not parse statement starting at line 21
2021-12-09 02:48:50 - WARNING - Python-dotenv could not parse statement starting at line 22
2021-12-09 02:48:50 - WARNING - Python-dotenv could not parse statement starting at line 23
2021-12-09 02:48:50 - WARNING - Python-dotenv could not parse statement starting at line 24
2021-12-09 02:48:50 - WARNING - Python-dotenv could not parse statement starting at line 25
2021-12-09 02:48:50 - WARNING - Python-dotenv could not parse statement starting at line 26
2021-12-09 02:53:45 - WARNING - Python-dotenv could not parse statement starting at line 19
2021-12-09 02:53:45 - WARNING - Python-dotenv could not parse statement starting at line 21
2021-12-09 02:53:45 - WARNING - Python-dotenv could not parse statement starting at line 22
2021-12-09 02:53:45 - WARNING - Python-dotenv could not parse statement starting at line 23
2021-12-09 02:53:45 - WARNING - Python-dotenv could not parse statement starting at line 24
2021-12-09 02:53:45 - WARNING - Python-dotenv could not parse statement starting at line 25
2021-12-09 02:53:45 - WARNING - Python-dotenv could not parse statement starting at line 26
2021-12-09 02:56:40 - WARNING - Python-dotenv could not parse statement starting at line 19
2021-12-09 02:56:40 - WARNING - Python-dotenv could not parse statement starting at line 21
2021-12-09 02:56:40 - WARNING - Python-dotenv could not parse statement starting at line 22
2021-12-09 02:56:40 - WARNING - Python-dotenv could not parse statement starting at line 23
2021-12-09 02:56:40 - WARNING - Python-dotenv could not parse statement starting at line 24
2021-12-09 02:56:40 - WARNING - Python-dotenv could not parse statement starting at line 25
2021-12-09 02:56:40 - WARNING - Python-dotenv could not parse statement starting at line 26
2021-12-09 02:58:27 - WARNING - Python-dotenv could not parse statement starting at line 19
2021-12-09 02:58:27 - WARNING - Python-dotenv could not parse statement starting at line 21
2021-12-09 02:58:27 - WARNING - Python-dotenv could not parse statement starting at line 22
2021-12-09 02:58:27 - WARNING - Python-dotenv could not parse statement starting at line 23
2021-12-09 02:58:27 - WARNING - Python-dotenv could not parse statement starting at line 24
2021-12-09 02:58:27 - WARNING - Python-dotenv could not parse statement starting at line 25
2021-12-09 02:58:27 - WARNING - Python-dotenv could not parse statement starting at line 26
2021-12-09 03:00:17 - WARNING - Python-dotenv could not parse statement starting at line 19
2021-12-09 03:00:17 - WARNING - Python-dotenv could not parse statement starting at line 21
2021-12-09 03:00:17 - WARNING - Python-dotenv could not parse statement starting at line 22
2021-12-09 03:00:17 - WARNING - Python-dotenv could not parse statement starting at line 23
2021-12-09 03:00:17 - WARNING - Python-dotenv could not parse statement starting at line 24
2021-12-09 03:00:17 - WARNING - Python-dotenv could not parse statement starting at line 25
2021-12-09 03:00:17 - WARNING - Python-dotenv could not parse statement starting at line 26
2021-12-09 15:39:01 - WARNING - Python-dotenv could not parse statement starting at line 19
2021-12-09 15:39:01 - WARNING - Python-dotenv could not parse statement starting at line 21
2021-12-09 15:39:01 - WARNING - Python-dotenv could not parse statement starting at line 22
2021-12-09 15:39:01 - WARNING - Python-dotenv could not parse statement starting at line 23
2021-12-09 15:39:01 - WARNING - Python-dotenv could not parse statement starting at line 24
2021-12-09 15:39:01 - WARNING - Python-dotenv could not parse statement starting at line 25
2021-12-09 15:39:01 - WARNING - Python-dotenv could not parse statement starting at line 26
2021-12-09 15:57:32 - INFO - "GET / HTTP/1.1" 200 1219
2021-12-09 15:57:32 - INFO - "GET /static/style.css HTTP/1.1" 304 0
2021-12-09 15:57:32 - WARNING - Python-dotenv could not parse statement starting at line 19
2021-12-09 15:57:32 - WARNING - Python-dotenv could not parse statement starting at line 21
2021-12-09 15:57:32 - WARNING - Python-dotenv could not parse statement starting at line 22
2021-12-09 15:57:32 - WARNING - Python-dotenv could not parse statement starting at line 23
2021-12-09 15:57:32 - WARNING - Python-dotenv could not parse statement starting at line 24
2021-12-09 15:57:32 - WARNING - Python-dotenv could not parse statement starting at line 25
2021-12-09 15:57:32 - WARNING - Python-dotenv could not parse statement starting at line 26
2021-12-09 15:57:32 - INFO - "GET /sneakers HTTP/1.1" 200 2237
2021-12-09 15:57:32 - INFO - "GET /favicon.ico HTTP/1.1" 304 0
2021-12-09 15:57:32 - INFO - "GET /sneakers/1 HTTP/1.1" 200 311
2021-12-09 15:57:32 - INFO - "GET /sneakers/2 HTTP/1.1" 200 338
2021-12-09 15:57:32 - INFO - "GET /sneakers/3 HTTP/1.1" 200 351
2021-12-09 15:57:32 - INFO - "GET /sneakers/4 HTTP/1.1" 200 372
2021-12-09 15:57:32 - INFO - "GET /sneakers/5 HTTP/1.1" 200 316
2021-12-09 15:57:32 - INFO - "GET /sneakers/6 HTTP/1.1" 200 272
2021-12-09 15:57:32 - INFO - "GET /sneakers/7 HTTP/1.1" 200 263
2021-12-09 15:57:32 - INFO - "GET /sneakers HTTP/1.1" 200 2237
2021-12-09 16:24:43 - WARNING - Python-dotenv could not parse statement starting at line 19
2021-12-09 16:24:43 - WARNING - Python-dotenv could not parse statement starting at line 21
2021-12-09 16:24:43 - WARNING - Python-dotenv could not parse statement starting at line 22
2021-12-09 16:24:43 - WARNING - Python-dotenv could not parse statement starting at line 23
2021-12-09 16:24:43 - WARNING - Python-dotenv could not parse statement starting at line 24
2021-12-09 16:24:43 - WARNING - Python-dotenv could not parse statement starting at line 25
2021-12-09 16:24:43 - WARNING - Python-dotenv could not parse statement starting at line 26
2021-12-09 16:24:43 - INFO - "GET /sneakers HTTP/1.1" 200 2237
2021-12-09 16:24:43 - INFO - "POST /sneakers HTTP/1.1" 200 318
2021-12-09 16:24:43 - INFO - "GET /sneakers HTTP/1.1" 200 2557
2021-12-09 16:24:43 - INFO - "GET /sneakers/8 HTTP/1.1" 200 318
2021-12-09 16:24:43 - INFO - "PUT /sneakers/8 HTTP/1.1" 200 323
2021-12-09 16:24:43 - INFO - "GET /sneakers HTTP/1.1" 200 2560
2021-12-09 16:24:43 - INFO - "DELETE /sneakers/8 HTTP/1.1" 200 323
2021-12-09 16:24:43 - INFO - "GET /sneakers HTTP/1.1" 200 2237
2021-12-09 18:15:33 - INFO - "GET / HTTP/1.1" 200 1219
2021-12-09 18:15:33 - INFO - "GET /static/style.css HTTP/1.1" 304 0
2021-12-09 18:15:33 - WARNING - "GET /sneaers HTTP/1.1" 404 1536
2021-12-09 18:15:33 - WARNING - Python-dotenv could not parse statement starting at line 19
2021-12-09 18:15:33 - WARNING - Python-dotenv could not parse statement starting at line 21
2021-12-09 18:15:33 - WARNING - Python-dotenv could not parse statement starting at line 22
2021-12-09 18:15:33 - WARNING - Python-dotenv could not parse statement starting at line 23
2021-12-09 18:15:33 - WARNING - Python-dotenv could not parse statement starting at line 24
2021-12-09 18:15:33 - WARNING - Python-dotenv could not parse statement starting at line 25
2021-12-09 18:15:33 - WARNING - Python-dotenv could not parse statement starting at line 26
2021-12-09 18:15:33 - INFO - "GET /sneakers HTTP/1.1" 200 2237
2021-12-09 18:34:47 - INFO - "GET / HTTP/1.1" 200 1219
2021-12-09 18:34:47 - INFO - "GET /static/style.css HTTP/1.1" 304 0
2021-12-09 18:34:47 - WARNING - Python-dotenv could not parse statement starting at line 19
2021-12-09 18:34:47 - WARNING - Python-dotenv could not parse statement starting at line 21
2021-12-09 18:34:47 - WARNING - Python-dotenv could not parse statement starting at line 22
2021-12-09 18:34:47 - WARNING - Python-dotenv could not parse statement starting at line 23
2021-12-09 18:34:47 - WARNING - Python-dotenv could not parse statement starting at line 24
2021-12-09 18:34:47 - WARNING - Python-dotenv could not parse statement starting at line 25
2021-12-09 18:34:47 - WARNING - Python-dotenv could not parse statement starting at line 26
2021-12-09 18:34:47 - INFO - "GET /sneakers HTTP/1.1" 200 2237
2021-12-09 18:34:47 - INFO - "GET /sneakers/1 HTTP/1.1" 200 311
2021-12-09 18:34:47 - INFO - "GET /sneakers/2 HTTP/1.1" 200 338
2021-12-09 18:34:47 - INFO - "GET /sneakers/7 HTTP/1.1" 200 263
2021-12-09 18:36:03 - WARNING - Python-dotenv could not parse statement starting at line 19
2021-12-09 18:36:03 - WARNING - Python-dotenv could not parse statement starting at line 21
2021-12-09 18:36:03 - WARNING - Python-dotenv could not parse statement starting at line 22
2021-12-09 18:36:03 - WARNING - Python-dotenv could not parse statement starting at line 23
2021-12-09 18:36:03 - WARNING - Python-dotenv could not parse statement starting at line 24
2021-12-09 18:36:03 - WARNING - Python-dotenv could not parse statement starting at line 25
2021-12-09 18:36:03 - WARNING - Python-dotenv could not parse statement starting at line 26
2021-12-09 18:36:03 - INFO - "GET /sneakers HTTP/1.1" 200 2237
2021-12-09 18:36:03 - INFO - "GET /sneakers/1 HTTP/1.1" 200 311
2021-12-09 18:36:03 - INFO - "GET /sneakers HTTP/1.1" 200 2237
2021-12-09 18:36:03 - INFO - "POST /sneakers HTTP/1.1" 200 315
2021-12-09 18:36:03 - INFO - "GET /sneakers HTTP/1.1" 200 2554
